  framework.cpp
C:\Users\user\Desktop\김기태_GitHub\DX_GITAE\DX_GITAE\Framework\Utility\Utility.h(9,20): warning C4244: '인수': '_Elem'에서 'const _Elem'(으)로 변환하면서 데이터가 손실될 수 있습니다.
          with
          [
              _Elem=wchar_t
          ]
          and
          [
              _Elem=char
          ]
  Audio.cpp
  tinyxml2.cpp
  InstancingScene.cpp
C:\Program Files (x86)\Microsoft Visual Studio\2019\Community\VC\Tools\MSVC\14.29.30133\include\xutility(151,1): warning C4267: '인수': 'size_t'에서 'UINT'(으)로 변환하면서 데이터가 손실될 수 있습니다.
C:\Program Files (x86)\Microsoft Visual Studio\2019\Community\VC\Tools\MSVC\14.29.30133\include\memory(2021): message : 컴파일되는 함수 템플릿 인스턴스화 'void std::_Construct_in_place<_Ty,InstancingScene::InstanceData*,unsigned __int64,int>(_Ty &,InstancingScene::InstanceData *&&,unsigned __int64 &&,int &&) noexcept(false)'에 대한 참조를 확인하세요.
          with
          [
              _Ty=VertexBuffer
          ]
C:\Program Files (x86)\Microsoft Visual Studio\2019\Community\VC\Tools\MSVC\14.29.30133\include\memory(2747): message : 컴파일되는 함수 템플릿 인스턴스화 'std::_Ref_count_obj2<_Ty>::_Ref_count_obj2<InstancingScene::InstanceData*,unsigned __int64,int>(InstancingScene::InstanceData *&&,unsigned __int64 &&,int &&)'에 대한 참조를 확인하세요.
          with
          [
              _Ty=VertexBuffer
          ]
C:\Program Files (x86)\Microsoft Visual Studio\2019\Community\VC\Tools\MSVC\14.29.30133\include\memory(2748): message : 컴파일되는 함수 템플릿 인스턴스화 'std::_Ref_count_obj2<_Ty>::_Ref_count_obj2<InstancingScene::InstanceData*,unsigned __int64,int>(InstancingScene::InstanceData *&&,unsigned __int64 &&,int &&)'에 대한 참조를 확인하세요.
          with
          [
              _Ty=VertexBuffer
          ]
C:\Users\user\Desktop\김기태_GitHub\DX_GITAE\DX_GITAE\Scene\InstancingScene.cpp(23): message : 컴파일되는 함수 템플릿 인스턴스화 'std::shared_ptr<VertexBuffer> std::make_shared<VertexBuffer,_Ty*,size_t,int>(_Ty *&&,size_t &&,int &&)'에 대한 참조를 확인하세요.
          with
          [
              _Ty=InstancingScene::InstanceData
          ]
  MiniMap.cpp
  ItemManager.cpp
  Aimer.cpp
  MainBullet.cpp
C:\Users\user\Desktop\김기태_GitHub\DX_GITAE\DX_GITAE\Object\PlaneShoot\MainBullet.cpp(22,24): warning C4244: '+=': 'double'에서 'float'(으)로 변환하면서 데이터가 손실될 수 있습니다.
C:\Users\user\Desktop\김기태_GitHub\DX_GITAE\DX_GITAE\Object\PlaneShoot\MainBullet.cpp(31,59): warning C4244: '인수': 'double'에서 'const float'(으)로 변환하면서 데이터가 손실될 수 있습니다.
  Button.cpp
C:\Users\user\Desktop\김기태_GitHub\DX_GITAE\DX_GITAE\Object\UI\Button.cpp(68,36): warning C4244: '=': 'float'에서 'LONG'(으)로 변환하면서 데이터가 손실될 수 있습니다.
C:\Users\user\Desktop\김기태_GitHub\DX_GITAE\DX_GITAE\Object\UI\Button.cpp(69,50): warning C4244: '=': 'float'에서 'LONG'(으)로 변환하면서 데이터가 손실될 수 있습니다.
C:\Users\user\Desktop\김기태_GitHub\DX_GITAE\DX_GITAE\Object\UI\Button.cpp(70,37): warning C4244: '=': 'float'에서 'LONG'(으)로 변환하면서 데이터가 손실될 수 있습니다.
C:\Users\user\Desktop\김기태_GitHub\DX_GITAE\DX_GITAE\Object\UI\Button.cpp(71,53): warning C4244: '=': 'float'에서 'LONG'(으)로 변환하면서 데이터가 손실될 수 있습니다.
  DirectWrite.cpp
C:\Users\user\Desktop\김기태_GitHub\DX_GITAE\DX_GITAE\Framework\Utility\DirectWrite.cpp(99,111): warning C4267: '인수': 'size_t'에서 'UINT32'(으)로 변환하면서 데이터가 손실될 수 있습니다.
  BinaryReader.cpp
  BinaryWriter.cpp
C:\Users\user\Desktop\김기태_GitHub\DX_GITAE\DX_GITAE\Framework\Utility\BinaryWriter.cpp(32,18): warning C4267: '인수': 'size_t'에서 'UINT'(으)로 변환하면서 데이터가 손실될 수 있습니다.
C:\Users\user\Desktop\김기태_GitHub\DX_GITAE\DX_GITAE\Framework\Utility\BinaryWriter.cpp(35,56): warning C4267: '인수': 'size_t'에서 'DWORD'(으)로 변환하면서 데이터가 손실될 수 있습니다.
  MathUtility.cpp
  PlaneShoot.cpp
C:\Users\user\Desktop\김기태_GitHub\DX_GITAE\DX_GITAE\Object\PlaneShoot\PlaneShoot.cpp(21,20): warning C4018: '<': signed 또는 unsigned가 일치하지 않습니다.
C:\Users\user\Desktop\김기태_GitHub\DX_GITAE\DX_GITAE\Object\PlaneShoot\PlaneShoot.cpp(136,32): warning C4244: '+=': 'double'에서 'float'(으)로 변환하면서 데이터가 손실될 수 있습니다.
C:\Users\user\Desktop\김기태_GitHub\DX_GITAE\DX_GITAE\Object\PlaneShoot\PlaneShoot.cpp(143,32): warning C4244: '-=': 'double'에서 'float'(으)로 변환하면서 데이터가 손실될 수 있습니다.
C:\Users\user\Desktop\김기태_GitHub\DX_GITAE\DX_GITAE\Object\PlaneShoot\PlaneShoot.cpp(150,32): warning C4244: '-=': 'double'에서 'float'(으)로 변환하면서 데이터가 손실될 수 있습니다.
C:\Users\user\Desktop\김기태_GitHub\DX_GITAE\DX_GITAE\Object\PlaneShoot\PlaneShoot.cpp(157,32): warning C4244: '+=': 'double'에서 'float'(으)로 변환하면서 데이터가 손실될 수 있습니다.
C:\Program Files (x86)\Microsoft Visual Studio\2019\Community\VC\Tools\MSVC\14.29.30133\include\xmemory(714,68): warning C4244: '인수': '_Ty'에서 'float'(으)로 변환하면서 데이터가 손실될 수 있습니다.
          with
          [
              _Ty=int
          ]
C:\Program Files (x86)\Microsoft Visual Studio\2019\Community\VC\Tools\MSVC\14.29.30133\include\vector(721): message : 컴파일되는 함수 템플릿 인스턴스화 'void std::_Default_allocator_traits<_Alloc>::construct<_Ty,float,int,float&,float&,std::shared_ptr<Texture>&>(_Alloc &,_Objty *const ,float &&,int &&,float &,float &,std::shared_ptr<Texture> &)'에 대한 참조를 확인하세요.
          with
          [
              _Alloc=std::allocator<Action::Clip>,
              _Ty=Action::Clip,
              _Objty=Action::Clip
          ]
C:\Program Files (x86)\Microsoft Visual Studio\2019\Community\VC\Tools\MSVC\14.29.30133\include\vector(726): message : 컴파일되는 함수 템플릿 인스턴스화 'void std::_Default_allocator_traits<_Alloc>::construct<_Ty,float,int,float&,float&,std::shared_ptr<Texture>&>(_Alloc &,_Objty *const ,float &&,int &&,float &,float &,std::shared_ptr<Texture> &)'에 대한 참조를 확인하세요.
          with
          [
              _Alloc=std::allocator<Action::Clip>,
              _Ty=Action::Clip,
              _Objty=Action::Clip
          ]
C:\Program Files (x86)\Microsoft Visual Studio\2019\Community\VC\Tools\MSVC\14.29.30133\include\vector(739): message : 컴파일되는 함수 템플릿 인스턴스화 'void std::vector<Action::Clip,std::allocator<Action::Clip>>::_Emplace_back_with_unused_capacity<_Ty,int,float&,float&,std::shared_ptr<Texture>&>(_Ty &&,int &&,float &,float &,std::shared_ptr<Texture> &)'에 대한 참조를 확인하세요.
          with
          [
              _Ty=float
          ]
C:\Users\user\Desktop\김기태_GitHub\DX_GITAE\DX_GITAE\Object\PlaneShoot\PlaneShoot.cpp(82): message : 컴파일되는 함수 템플릿 인스턴스화 'void std::vector<Action::Clip,std::allocator<Action::Clip>>::emplace_back<float,int,float&,float&,std::shared_ptr<Texture>&>(float &&,int &&,float &,float &,std::shared_ptr<Texture> &)'에 대한 참조를 확인하세요.
  Camera.cpp
C:\Users\user\Desktop\김기태_GitHub\DX_GITAE\DX_GITAE\Framework\Camera\Camera.cpp(53,13): warning C4244: '=': 'UINT'에서 'FLOAT'(으)로 변환하면서 데이터가 손실될 수 있습니다.
C:\Users\user\Desktop\김기태_GitHub\DX_GITAE\DX_GITAE\Framework\Camera\Camera.cpp(54,14): warning C4244: '=': 'UINT'에서 'FLOAT'(으)로 변환하면서 데이터가 손실될 수 있습니다.
C:\Users\user\Desktop\김기태_GitHub\DX_GITAE\DX_GITAE\Framework\Camera\Camera.cpp(64,70): warning C4244: '인수': 'UINT'에서 'float'(으)로 변환하면서 데이터가 손실될 수 있습니다.
C:\Users\user\Desktop\김기태_GitHub\DX_GITAE\DX_GITAE\Framework\Camera\Camera.cpp(64,60): warning C4244: '인수': 'UINT'에서 'float'(으)로 변환하면서 데이터가 손실될 수 있습니다.
C:\Users\user\Desktop\김기태_GitHub\DX_GITAE\DX_GITAE\Framework\Camera\Camera.cpp(83,25): warning C4244: '-=': 'double'에서 'float'(으)로 변환하면서 데이터가 손실될 수 있습니다.
C:\Users\user\Desktop\김기태_GitHub\DX_GITAE\DX_GITAE\Framework\Camera\Camera.cpp(84,43): warning C4244: '-=': 'double'에서 'float'(으)로 변환하면서 데이터가 손실될 수 있습니다.
C:\Users\user\Desktop\김기태_GitHub\DX_GITAE\DX_GITAE\Framework\Camera\Camera.cpp(104,49): warning C4244: '-=': 'double'에서 'float'(으)로 변환하면서 데이터가 손실될 수 있습니다.
C:\Users\user\Desktop\김기태_GitHub\DX_GITAE\DX_GITAE\Framework\Camera\Camera.cpp(107,49): warning C4244: '+=': 'double'에서 'float'(으)로 변환하면서 데이터가 손실될 수 있습니다.
C:\Users\user\Desktop\김기태_GitHub\DX_GITAE\DX_GITAE\Framework\Camera\Camera.cpp(110,49): warning C4244: '+=': 'double'에서 'float'(으)로 변환하면서 데이터가 손실될 수 있습니다.
C:\Users\user\Desktop\김기태_GitHub\DX_GITAE\DX_GITAE\Framework\Camera\Camera.cpp(113,49): warning C4244: '-=': 'double'에서 'float'(으)로 변환하면서 데이터가 손실될 수 있습니다.
C:\Users\user\Desktop\김기태_GitHub\DX_GITAE\DX_GITAE\Framework\Camera\Camera.cpp(133,25): warning C4244: '인수': 'double'에서 'const float'(으)로 변환하면서 데이터가 손실될 수 있습니다.
  EffectManager.cpp
C:\Users\user\Desktop\김기태_GitHub\DX_GITAE\DX_GITAE\Object\BasicObject\EffectManager.cpp(25,20): warning C4018: '<': signed 또는 unsigned가 일치하지 않습니다.
  Effect.cpp
  Action.cpp
C:\Users\user\Desktop\김기태_GitHub\DX_GITAE\DX_GITAE\Framework\Animation\Action.cpp(21,21): warning C4244: '+=': 'double'에서 'float'(으)로 변환하면서 데이터가 손실될 수 있습니다.
  Monster.cpp
  Collider.cpp
C:\Users\user\Desktop\김기태_GitHub\DX_GITAE\DX_GITAE\Framework\Collider\Collider.cpp(43,42): warning C4267: '인수': 'size_t'에서 'UINT'(으)로 변환하면서 데이터가 손실될 수 있습니다.
  CircleCollider.cpp
C:\Users\user\Desktop\김기태_GitHub\DX_GITAE\DX_GITAE\Framework\Collider\CircleCollider.cpp(21,27): warning C4305: '초기화 중': 'double'에서 'float'(으)로 잘립니다.
C:\Program Files (x86)\Microsoft Visual Studio\2019\Community\VC\Tools\MSVC\14.29.30133\include\xutility(151,1): warning C4267: '인수': 'size_t'에서 'UINT'(으)로 변환하면서 데이터가 손실될 수 있습니다.
C:\Program Files (x86)\Microsoft Visual Studio\2019\Community\VC\Tools\MSVC\14.29.30133\include\memory(2021): message : 컴파일되는 함수 템플릿 인스턴스화 'void std::_Construct_in_place<_Ty,VertexPos*,unsigned __int64,unsigned __int64>(_Ty &,VertexPos *&&,unsigned __int64 &&,unsigned __int64 &&) noexcept(false)'에 대한 참조를 확인하세요.
          with
          [
              _Ty=VertexBuffer
          ]
C:\Program Files (x86)\Microsoft Visual Studio\2019\Community\VC\Tools\MSVC\14.29.30133\include\memory(2747): message : 컴파일되는 함수 템플릿 인스턴스화 'std::_Ref_count_obj2<_Ty>::_Ref_count_obj2<VertexPos*,unsigned __int64,unsigned __int64>(VertexPos *&&,unsigned __int64 &&,unsigned __int64 &&)'에 대한 참조를 확인하세요.
          with
          [
              _Ty=VertexBuffer
          ]
C:\Program Files (x86)\Microsoft Visual Studio\2019\Community\VC\Tools\MSVC\14.29.30133\include\memory(2748): message : 컴파일되는 함수 템플릿 인스턴스화 'std::_Ref_count_obj2<_Ty>::_Ref_count_obj2<VertexPos*,unsigned __int64,unsigned __int64>(VertexPos *&&,unsigned __int64 &&,unsigned __int64 &&)'에 대한 참조를 확인하세요.
          with
          [
              _Ty=VertexBuffer
          ]
C:\Users\user\Desktop\김기태_GitHub\DX_GITAE\DX_GITAE\Framework\Collider\CircleCollider.cpp(30): message : 컴파일되는 함수 템플릿 인스턴스화 'std::shared_ptr<VertexBuffer> std::make_shared<VertexBuffer,_Ty*,size_t,unsigned __int64>(_Ty *&&,size_t &&,unsigned __int64 &&)'에 대한 참조를 확인하세요.
          with
          [
              _Ty=VertexPos
          ]
  코드를 생성하고 있습니다...
C:\Users\user\Desktop\김기태_GitHub\DX_GITAE\DX_GITAE\Framework\Utility\DirectWrite.h(59): warning C4715: 'DirectWrite::GetInstance': 모든 제어 경로에서 값을 반환하지는 않습니다.
C:\Users\user\Desktop\김기태_GitHub\DX_GITAE\DX_GITAE\Framework\Camera\Camera.h(21): warning C4715: 'Camera::GetInstance': 모든 제어 경로에서 값을 반환하지는 않습니다.
  컴파일하고 있습니다...
  RectCollider.cpp
C:\Program Files (x86)\Microsoft Visual Studio\2019\Community\VC\Tools\MSVC\14.29.30133\include\xutility(151,1): warning C4267: '인수': 'size_t'에서 'UINT'(으)로 변환하면서 데이터가 손실될 수 있습니다.
C:\Program Files (x86)\Microsoft Visual Studio\2019\Community\VC\Tools\MSVC\14.29.30133\include\memory(2021): message : 컴파일되는 함수 템플릿 인스턴스화 'void std::_Construct_in_place<_Ty,VertexPos*,unsigned __int64,unsigned __int64>(_Ty &,VertexPos *&&,unsigned __int64 &&,unsigned __int64 &&) noexcept(false)'에 대한 참조를 확인하세요.
          with
          [
              _Ty=VertexBuffer
          ]
C:\Program Files (x86)\Microsoft Visual Studio\2019\Community\VC\Tools\MSVC\14.29.30133\include\memory(2747): message : 컴파일되는 함수 템플릿 인스턴스화 'std::_Ref_count_obj2<_Ty>::_Ref_count_obj2<VertexPos*,unsigned __int64,unsigned __int64>(VertexPos *&&,unsigned __int64 &&,unsigned __int64 &&)'에 대한 참조를 확인하세요.
          with
          [
              _Ty=VertexBuffer
          ]
C:\Program Files (x86)\Microsoft Visual Studio\2019\Community\VC\Tools\MSVC\14.29.30133\include\memory(2748): message : 컴파일되는 함수 템플릿 인스턴스화 'std::_Ref_count_obj2<_Ty>::_Ref_count_obj2<VertexPos*,unsigned __int64,unsigned __int64>(VertexPos *&&,unsigned __int64 &&,unsigned __int64 &&)'에 대한 참조를 확인하세요.
          with
          [
              _Ty=VertexBuffer
          ]
C:\Users\user\Desktop\김기태_GitHub\DX_GITAE\DX_GITAE\Framework\Collider\RectCollider.cpp(40): message : 컴파일되는 함수 템플릿 인스턴스화 'std::shared_ptr<VertexBuffer> std::make_shared<VertexBuffer,_Ty*,size_t,unsigned __int64>(_Ty *&&,size_t &&,unsigned __int64 &&)'에 대한 참조를 확인하세요.
          with
          [
              _Ty=VertexPos
          ]
  Quad.cpp
C:\Users\user\Desktop\김기태_GitHub\DX_GITAE\DX_GITAE\Object\BasicObject\Quad.cpp(63,54): warning C4267: '인수': 'size_t'에서 'UINT'(으)로 변환하면서 데이터가 손실될 수 있습니다.
C:\Program Files (x86)\Microsoft Visual Studio\2019\Community\VC\Tools\MSVC\14.29.30133\include\xmemory(714,68): warning C4244: '인수': '_Ty'에서 'float'(으)로 변환하면서 데이터가 손실될 수 있습니다.
          with
          [
              _Ty=int
          ]
C:\Program Files (x86)\Microsoft Visual Studio\2019\Community\VC\Tools\MSVC\14.29.30133\include\vector(721): message : 컴파일되는 함수 템플릿 인스턴스화 'void std::_Default_allocator_traits<_Alloc>::construct<_Ty,float,float&,int,int>(_Alloc &,_Objty *const ,float &&,float &,int &&,int &&)'에 대한 참조를 확인하세요.
          with
          [
              _Alloc=std::allocator<VertexUV>,
              _Ty=VertexUV,
              _Objty=VertexUV
          ]
C:\Program Files (x86)\Microsoft Visual Studio\2019\Community\VC\Tools\MSVC\14.29.30133\include\vector(726): message : 컴파일되는 함수 템플릿 인스턴스화 'void std::_Default_allocator_traits<_Alloc>::construct<_Ty,float,float&,int,int>(_Alloc &,_Objty *const ,float &&,float &,int &&,int &&)'에 대한 참조를 확인하세요.
          with
          [
              _Alloc=std::allocator<VertexUV>,
              _Ty=VertexUV,
              _Objty=VertexUV
          ]
C:\Program Files (x86)\Microsoft Visual Studio\2019\Community\VC\Tools\MSVC\14.29.30133\include\vector(739): message : 컴파일되는 함수 템플릿 인스턴스화 'void std::vector<VertexUV,std::allocator<VertexUV>>::_Emplace_back_with_unused_capacity<_Ty,float&,int,int>(_Ty &&,float &,int &&,int &&)'에 대한 참조를 확인하세요.
          with
          [
              _Ty=float
          ]
C:\Users\user\Desktop\김기태_GitHub\DX_GITAE\DX_GITAE\Object\BasicObject\Quad.cpp(93): message : 컴파일되는 함수 템플릿 인스턴스화 'void std::vector<VertexUV,std::allocator<VertexUV>>::emplace_back<float,float&,int,int>(float &&,float &,int &&,int &&)'에 대한 참조를 확인하세요.
C:\Program Files (x86)\Microsoft Visual Studio\2019\Community\VC\Tools\MSVC\14.29.30133\include\xutility(151,1): warning C4267: '인수': 'size_t'에서 'UINT'(으)로 변환하면서 데이터가 손실될 수 있습니다.
C:\Program Files (x86)\Microsoft Visual Studio\2019\Community\VC\Tools\MSVC\14.29.30133\include\memory(2021): message : 컴파일되는 함수 템플릿 인스턴스화 'void std::_Construct_in_place<_Ty,VertexUV*,unsigned __int64,unsigned __int64>(_Ty &,VertexUV *&&,unsigned __int64 &&,unsigned __int64 &&) noexcept(false)'에 대한 참조를 확인하세요.
          with
          [
              _Ty=VertexBuffer
          ]
C:\Program Files (x86)\Microsoft Visual Studio\2019\Community\VC\Tools\MSVC\14.29.30133\include\memory(2747): message : 컴파일되는 함수 템플릿 인스턴스화 'std::_Ref_count_obj2<_Ty>::_Ref_count_obj2<VertexUV*,unsigned __int64,unsigned __int64>(VertexUV *&&,unsigned __int64 &&,unsigned __int64 &&)'에 대한 참조를 확인하세요.
          with
          [
              _Ty=VertexBuffer
          ]
C:\Program Files (x86)\Microsoft Visual Studio\2019\Community\VC\Tools\MSVC\14.29.30133\include\memory(2748): message : 컴파일되는 함수 템플릿 인스턴스화 'std::_Ref_count_obj2<_Ty>::_Ref_count_obj2<VertexUV*,unsigned __int64,unsigned __int64>(VertexUV *&&,unsigned __int64 &&,unsigned __int64 &&)'에 대한 참조를 확인하세요.
          with
          [
              _Ty=VertexBuffer
          ]
C:\Users\user\Desktop\김기태_GitHub\DX_GITAE\DX_GITAE\Object\BasicObject\Quad.cpp(15): message : 컴파일되는 함수 템플릿 인스턴스화 'std::shared_ptr<VertexBuffer> std::make_shared<VertexBuffer,_Ty*,size_t,unsigned __int64>(_Ty *&&,size_t &&,unsigned __int64 &&)'에 대한 참조를 확인하세요.
          with
          [
              _Ty=VertexUV
          ]
  Bullet.cpp
C:\Users\user\Desktop\김기태_GitHub\DX_GITAE\DX_GITAE\Object\Dungreed\Bullet.cpp(22,24): warning C4244: '+=': 'double'에서 'float'(으)로 변환하면서 데이터가 손실될 수 있습니다.
C:\Users\user\Desktop\김기태_GitHub\DX_GITAE\DX_GITAE\Object\Dungreed\Bullet.cpp(31,59): warning C4244: '인수': 'double'에서 'const float'(으)로 변환하면서 데이터가 손실될 수 있습니다.
  Aim.cpp
  Gun.cpp
  Player.cpp
C:\Users\user\Desktop\김기태_GitHub\DX_GITAE\DX_GITAE\Object\Dungreed\Player.cpp(19,20): warning C4018: '<': signed 또는 unsigned가 일치하지 않습니다.
C:\Users\user\Desktop\김기태_GitHub\DX_GITAE\DX_GITAE\Object\Dungreed\Player.cpp(65,59): warning C4244: '+=': 'double'에서 'float'(으)로 변환하면서 데이터가 손실될 수 있습니다.
C:\Users\user\Desktop\김기태_GitHub\DX_GITAE\DX_GITAE\Object\Dungreed\Player.cpp(69,59): warning C4244: '-=': 'double'에서 'float'(으)로 변환하면서 데이터가 손실될 수 있습니다.
C:\Users\user\Desktop\김기태_GitHub\DX_GITAE\DX_GITAE\Object\Dungreed\Player.cpp(73,59): warning C4244: '-=': 'double'에서 'float'(으)로 변환하면서 데이터가 손실될 수 있습니다.
C:\Users\user\Desktop\김기태_GitHub\DX_GITAE\DX_GITAE\Object\Dungreed\Player.cpp(77,59): warning C4244: '+=': 'double'에서 'float'(으)로 변환하면서 데이터가 손실될 수 있습니다.
C:\Users\user\Desktop\김기태_GitHub\DX_GITAE\DX_GITAE\Object\Dungreed\Player.cpp(81,37): warning C4244: '+=': 'double'에서 'float'(으)로 변환하면서 데이터가 손실될 수 있습니다.
C:\Users\user\Desktop\김기태_GitHub\DX_GITAE\DX_GITAE\Object\Dungreed\Player.cpp(144,35): warning C4244: '+=': 'double'에서 'float'(으)로 변환하면서 데이터가 손실될 수 있습니다.
C:\Users\user\Desktop\김기태_GitHub\DX_GITAE\DX_GITAE\Object\Dungreed\Player.cpp(147,37): warning C4244: '-=': 'double'에서 'float'(으)로 변환하면서 데이터가 손실될 수 있습니다.
  BlendState.cpp
  DX_GITAE.cpp
  Device.cpp
  Vector2.cpp
C:\Users\user\Desktop\김기태_GitHub\DX_GITAE\DX_GITAE\Framework\Math\Vector2.cpp(135,26): warning C4244: 'return': 'float'에서 'int'(으)로 변환하면서 데이터가 손실될 수 있습니다.
  ConstantBuffer.cpp
  IndexBuffer.cpp
  PixelShader.cpp
  SamplerState.cpp
  SRV.cpp
  VertexBuffer.cpp
  VertexShader.cpp
C:\Users\user\Desktop\김기태_GitHub\DX_GITAE\DX_GITAE\Framework\Render\VertexShader.cpp(90,40): warning C4267: '초기화 중': 'size_t'에서 'int'(으)로 변환하면서 데이터가 손실될 수 있습니다.
C:\Users\user\Desktop\김기태_GitHub\DX_GITAE\DX_GITAE\Framework\Render\VertexShader.cpp(106,36): warning C4267: '인수': 'size_t'에서 'UINT'(으)로 변환하면서 데이터가 손실될 수 있습니다.
  InputManager.cpp
  Timer.cpp
  Program.cpp
  코드를 생성하고 있습니다...
C:\Users\user\Desktop\김기태_GitHub\DX_GITAE\DX_GITAE\Framework\Camera\Camera.h(21): warning C4715: 'Camera::GetInstance': 모든 제어 경로에서 값을 반환하지는 않습니다.
C:\Users\user\Desktop\김기태_GitHub\DX_GITAE\DX_GITAE\Object\BasicObject\EffectManager.h(21): warning C4715: 'EffectManager::GetInstance': 모든 제어 경로에서 값을 반환하지는 않습니다.
C:\Users\user\Desktop\김기태_GitHub\DX_GITAE\DX_GITAE\Framework\Utility\DirectWrite.h(59): warning C4715: 'DirectWrite::GetInstance': 모든 제어 경로에서 값을 반환하지는 않습니다.
  컴파일하고 있습니다...
  StateManager.cpp
  Transform.cpp
  ShaderManager.cpp
  Shader.cpp
  Texture.cpp
  Sprite.cpp
C:\Users\user\Desktop\김기태_GitHub\DX_GITAE\DX_GITAE\Object\BasicObject\Sprite.cpp(85,13): warning C4244: '초기화 중': 'int'에서 'float'(으)로 변환하면서 데이터가 손실될 수 있습니다.
C:\Users\user\Desktop\김기태_GitHub\DX_GITAE\DX_GITAE\Object\BasicObject\Sprite.cpp(86,13): warning C4244: '초기화 중': 'int'에서 'float'(으)로 변환하면서 데이터가 손실될 수 있습니다.
C:\Program Files (x86)\Microsoft Visual Studio\2019\Community\VC\Tools\MSVC\14.29.30133\include\xmemory(714,68): warning C4244: '인수': '_Ty'에서 'float'(으)로 변환하면서 데이터가 손실될 수 있습니다.
          with
          [
              _Ty=int
          ]
C:\Program Files (x86)\Microsoft Visual Studio\2019\Community\VC\Tools\MSVC\14.29.30133\include\vector(721): message : 컴파일되는 함수 템플릿 인스턴스화 'void std::_Default_allocator_traits<_Alloc>::construct<_Ty,float,float&,int,int>(_Alloc &,_Objty *const ,float &&,float &,int &&,int &&)'에 대한 참조를 확인하세요.
          with
          [
              _Alloc=std::allocator<VertexUV>,
              _Ty=VertexUV,
              _Objty=VertexUV
          ]
C:\Program Files (x86)\Microsoft Visual Studio\2019\Community\VC\Tools\MSVC\14.29.30133\include\vector(726): message : 컴파일되는 함수 템플릿 인스턴스화 'void std::_Default_allocator_traits<_Alloc>::construct<_Ty,float,float&,int,int>(_Alloc &,_Objty *const ,float &&,float &,int &&,int &&)'에 대한 참조를 확인하세요.
          with
          [
              _Alloc=std::allocator<VertexUV>,
              _Ty=VertexUV,
              _Objty=VertexUV
          ]
C:\Program Files (x86)\Microsoft Visual Studio\2019\Community\VC\Tools\MSVC\14.29.30133\include\vector(739): message : 컴파일되는 함수 템플릿 인스턴스화 'void std::vector<VertexUV,std::allocator<VertexUV>>::_Emplace_back_with_unused_capacity<_Ty,float&,int,int>(_Ty &&,float &,int &&,int &&)'에 대한 참조를 확인하세요.
          with
          [
              _Ty=float
          ]
C:\Users\user\Desktop\김기태_GitHub\DX_GITAE\DX_GITAE\Object\BasicObject\Sprite.cpp(53): message : 컴파일되는 함수 템플릿 인스턴스화 'void std::vector<VertexUV,std::allocator<VertexUV>>::emplace_back<float,float&,int,int>(float &&,float &,int &&,int &&)'에 대한 참조를 확인하세요.
C:\Program Files (x86)\Microsoft Visual Studio\2019\Community\VC\Tools\MSVC\14.29.30133\include\xutility(151,1): warning C4267: '인수': 'size_t'에서 'UINT'(으)로 변환하면서 데이터가 손실될 수 있습니다.
C:\Program Files (x86)\Microsoft Visual Studio\2019\Community\VC\Tools\MSVC\14.29.30133\include\memory(2021): message : 컴파일되는 함수 템플릿 인스턴스화 'void std::_Construct_in_place<_Ty,VertexUV*,unsigned __int64,unsigned __int64>(_Ty &,VertexUV *&&,unsigned __int64 &&,unsigned __int64 &&) noexcept(false)'에 대한 참조를 확인하세요.
          with
          [
              _Ty=VertexBuffer
          ]
C:\Program Files (x86)\Microsoft Visual Studio\2019\Community\VC\Tools\MSVC\14.29.30133\include\memory(2747): message : 컴파일되는 함수 템플릿 인스턴스화 'std::_Ref_count_obj2<_Ty>::_Ref_count_obj2<VertexUV*,unsigned __int64,unsigned __int64>(VertexUV *&&,unsigned __int64 &&,unsigned __int64 &&)'에 대한 참조를 확인하세요.
          with
          [
              _Ty=VertexBuffer
          ]
C:\Program Files (x86)\Microsoft Visual Studio\2019\Community\VC\Tools\MSVC\14.29.30133\include\memory(2748): message : 컴파일되는 함수 템플릿 인스턴스화 'std::_Ref_count_obj2<_Ty>::_Ref_count_obj2<VertexUV*,unsigned __int64,unsigned __int64>(VertexUV *&&,unsigned __int64 &&,unsigned __int64 &&)'에 대한 참조를 확인하세요.
          with
          [
              _Ty=VertexBuffer
          ]
C:\Users\user\Desktop\김기태_GitHub\DX_GITAE\DX_GITAE\Object\BasicObject\Sprite.cpp(19): message : 컴파일되는 함수 템플릿 인스턴스화 'std::shared_ptr<VertexBuffer> std::make_shared<VertexBuffer,_Ty*,size_t,unsigned __int64>(_Ty *&&,size_t &&,unsigned __int64 &&)'에 대한 참조를 확인하세요.
          with
          [
              _Ty=VertexUV
          ]
  Zelda.cpp
C:\Users\user\Desktop\김기태_GitHub\DX_GITAE\DX_GITAE\Object\Zelda\Zelda.cpp(191,32): warning C4244: '+=': 'double'에서 'float'(으)로 변환하면서 데이터가 손실될 수 있습니다.
C:\Users\user\Desktop\김기태_GitHub\DX_GITAE\DX_GITAE\Object\Zelda\Zelda.cpp(198,32): warning C4244: '-=': 'double'에서 'float'(으)로 변환하면서 데이터가 손실될 수 있습니다.
C:\Users\user\Desktop\김기태_GitHub\DX_GITAE\DX_GITAE\Object\Zelda\Zelda.cpp(205,32): warning C4244: '-=': 'double'에서 'float'(으)로 변환하면서 데이터가 손실될 수 있습니다.
C:\Users\user\Desktop\김기태_GitHub\DX_GITAE\DX_GITAE\Object\Zelda\Zelda.cpp(212,32): warning C4244: '+=': 'double'에서 'float'(으)로 변환하면서 데이터가 손실될 수 있습니다.
C:\Program Files (x86)\Microsoft Visual Studio\2019\Community\VC\Tools\MSVC\14.29.30133\include\xmemory(714,68): warning C4244: '인수': '_Ty'에서 'float'(으)로 변환하면서 데이터가 손실될 수 있습니다.
          with
          [
              _Ty=int
          ]
C:\Program Files (x86)\Microsoft Visual Studio\2019\Community\VC\Tools\MSVC\14.29.30133\include\vector(721): message : 컴파일되는 함수 템플릿 인스턴스화 'void std::_Default_allocator_traits<_Alloc>::construct<_Ty,int,int,float&,float&,std::shared_ptr<Texture>&>(_Alloc &,_Objty *const ,int &&,int &&,float &,float &,std::shared_ptr<Texture> &)'에 대한 참조를 확인하세요.
          with
          [
              _Alloc=std::allocator<Action::Clip>,
              _Ty=Action::Clip,
              _Objty=Action::Clip
          ]
C:\Program Files (x86)\Microsoft Visual Studio\2019\Community\VC\Tools\MSVC\14.29.30133\include\vector(726): message : 컴파일되는 함수 템플릿 인스턴스화 'void std::_Default_allocator_traits<_Alloc>::construct<_Ty,int,int,float&,float&,std::shared_ptr<Texture>&>(_Alloc &,_Objty *const ,int &&,int &&,float &,float &,std::shared_ptr<Texture> &)'에 대한 참조를 확인하세요.
          with
          [
              _Alloc=std::allocator<Action::Clip>,
              _Ty=Action::Clip,
              _Objty=Action::Clip
          ]
C:\Program Files (x86)\Microsoft Visual Studio\2019\Community\VC\Tools\MSVC\14.29.30133\include\vector(739): message : 컴파일되는 함수 템플릿 인스턴스화 'void std::vector<Action::Clip,std::allocator<Action::Clip>>::_Emplace_back_with_unused_capacity<_Ty,_Ty,float&,float&,std::shared_ptr<Texture>&>(_Ty &&,_Ty &&,float &,float &,std::shared_ptr<Texture> &)'에 대한 참조를 확인하세요.
          with
          [
              _Ty=int
          ]
C:\Users\user\Desktop\김기태_GitHub\DX_GITAE\DX_GITAE\Object\Zelda\Zelda.cpp(55): message : 컴파일되는 함수 템플릿 인스턴스화 'void std::vector<Action::Clip,std::allocator<Action::Clip>>::emplace_back<int,int,float&,float&,std::shared_ptr<Texture>&>(int &&,int &&,float &,float &,std::shared_ptr<Texture> &)'에 대한 참조를 확인하세요.
  RenderTarget.cpp
  CameraScene.cpp
C:\Users\user\Desktop\김기태_GitHub\DX_GITAE\DX_GITAE\Scene\CameraScene.cpp(47,28): warning C4244: '인수': 'double'에서 'const float'(으)로 변환하면서 데이터가 손실될 수 있습니다.
C:\Users\user\Desktop\김기태_GitHub\DX_GITAE\DX_GITAE\Scene\CameraScene.cpp(79,30): warning C4267: '인수': 'size_t'에서 'UINT'(으)로 변환하면서 데이터가 손실될 수 있습니다.
C:\Users\user\Desktop\김기태_GitHub\DX_GITAE\DX_GITAE\Scene\CameraScene.cpp(80,64): warning C4267: '인수': 'size_t'에서 'UINT'(으)로 변환하면서 데이터가 손실될 수 있습니다.
  CollisionScene.cpp
C:\Users\user\Desktop\김기태_GitHub\DX_GITAE\DX_GITAE\Scene\CollisionScene.cpp(47,73): warning C4305: '인수': 'double'에서 'float'(으)로 잘립니다.
C:\Program Files (x86)\Microsoft Visual Studio\2019\Community\VC\Tools\MSVC\14.29.30133\include\xutility(158,77): warning C4244: '인수': '_Ty'에서 'const float'(으)로 변환하면서 데이터가 손실될 수 있습니다.
          with
          [
              _Ty=int
          ]
C:\Program Files (x86)\Microsoft Visual Studio\2019\Community\VC\Tools\MSVC\14.29.30133\include\memory(2021): message : 컴파일되는 함수 템플릿 인스턴스화 'void std::_Construct_in_place<_Ty,int>(_Ty &,int &&) noexcept(false)'에 대한 참조를 확인하세요.
          with
          [
              _Ty=CircleCollider
          ]
C:\Program Files (x86)\Microsoft Visual Studio\2019\Community\VC\Tools\MSVC\14.29.30133\include\memory(2747): message : 컴파일되는 함수 템플릿 인스턴스화 'std::_Ref_count_obj2<_Ty>::_Ref_count_obj2<int>(int &&)'에 대한 참조를 확인하세요.
          with
          [
              _Ty=CircleCollider
          ]
C:\Program Files (x86)\Microsoft Visual Studio\2019\Community\VC\Tools\MSVC\14.29.30133\include\memory(2748): message : 컴파일되는 함수 템플릿 인스턴스화 'std::_Ref_count_obj2<_Ty>::_Ref_count_obj2<int>(int &&)'에 대한 참조를 확인하세요.
          with
          [
              _Ty=CircleCollider
          ]
C:\Users\user\Desktop\김기태_GitHub\DX_GITAE\DX_GITAE\Scene\CollisionScene.cpp(11): message : 컴파일되는 함수 템플릿 인스턴스화 'std::shared_ptr<CircleCollider> std::make_shared<CircleCollider,int>(int &&)'에 대한 참조를 확인하세요.
  DungreedScene.cpp
  EffectScene.cpp
  FilterScene.cpp
  PlaneShootScene.cpp
C:\Users\user\Desktop\김기태_GitHub\DX_GITAE\DX_GITAE\Scene\PlaneShootScene.cpp(36,28): warning C4244: '인수': 'double'에서 'const float'(으)로 변환하면서 데이터가 손실될 수 있습니다.
  Scene.cpp
  SolarSystemScene.cpp
C:\Users\user\Desktop\김기태_GitHub\DX_GITAE\DX_GITAE\Scene\SolarSystemScene.cpp(21,45): warning C4305: '*=': 'double'에서 'float'(으)로 잘립니다.
C:\Users\user\Desktop\김기태_GitHub\DX_GITAE\DX_GITAE\Scene\SolarSystemScene.cpp(22,45): warning C4305: '*=': 'double'에서 'float'(으)로 잘립니다.
C:\Users\user\Desktop\김기태_GitHub\DX_GITAE\DX_GITAE\Scene\SolarSystemScene.cpp(42,55): warning C4244: '+=': 'double'에서 'float'(으)로 변환하면서 데이터가 손실될 수 있습니다.
C:\Users\user\Desktop\김기태_GitHub\DX_GITAE\DX_GITAE\Scene\SolarSystemScene.cpp(43,57): warning C4244: '+=': 'double'에서 'float'(으)로 변환하면서 데이터가 손실될 수 있습니다.
C:\Users\user\Desktop\김기태_GitHub\DX_GITAE\DX_GITAE\Scene\SolarSystemScene.cpp(44,56): warning C4244: '+=': 'double'에서 'float'(으)로 변환하면서 데이터가 손실될 수 있습니다.
C:\Users\user\Desktop\김기태_GitHub\DX_GITAE\DX_GITAE\Scene\SolarSystemScene.cpp(46,42): warning C4244: '+=': 'double'에서 'float'(으)로 변환하면서 데이터가 손실될 수 있습니다.
C:\Users\user\Desktop\김기태_GitHub\DX_GITAE\DX_GITAE\Scene\SolarSystemScene.cpp(47,44): warning C4244: '+=': 'double'에서 'float'(으)로 변환하면서 데이터가 손실될 수 있습니다.
  SpriteScene.cpp
  TextureScene.cpp
  WVPScene.cpp
C:\Users\user\Desktop\김기태_GitHub\DX_GITAE\DX_GITAE\Scene\WVPScene.cpp(44,44): warning C4305: '+=': 'double'에서 'float'(으)로 잘립니다.
C:\Users\user\Desktop\김기태_GitHub\DX_GITAE\DX_GITAE\Scene\WVPScene.cpp(47,44): warning C4305: '-=': 'double'에서 'float'(으)로 잘립니다.
  XMLScene.cpp
  코드를 생성하고 있습니다...
C:\Users\user\Desktop\김기태_GitHub\DX_GITAE\DX_GITAE\Object\BasicObject\EffectManager.h(21): warning C4715: 'EffectManager::GetInstance': 모든 제어 경로에서 값을 반환하지는 않습니다.
C:\Users\user\Desktop\김기태_GitHub\DX_GITAE\DX_GITAE\Framework\Camera\Camera.h(21): warning C4715: 'Camera::GetInstance': 모든 제어 경로에서 값을 반환하지는 않습니다.
C:\Users\user\Desktop\김기태_GitHub\DX_GITAE\DX_GITAE\Framework\Camera\Camera.h(21): warning C4715: 'Camera::GetInstance': 모든 제어 경로에서 값을 반환하지는 않습니다.
C:\Users\user\Desktop\김기태_GitHub\DX_GITAE\DX_GITAE\Object\BasicObject\EffectManager.h(21): warning C4715: 'EffectManager::GetInstance': 모든 제어 경로에서 값을 반환하지는 않습니다.
C:\Users\user\Desktop\김기태_GitHub\DX_GITAE\DX_GITAE\Framework\Camera\Camera.h(21): warning C4715: 'Camera::GetInstance': 모든 제어 경로에서 값을 반환하지는 않습니다.
Audio.obj : error LNK2019: FMOD_System_Create"enum FMOD_RESULT __cdecl FMOD::System_Create(class FMOD::System * *,unsigned int)" (?System_Create@FMOD@@YA?AW4FMOD_RESULT@@PEAPEAVSystem@1@I@Z) 함수에서 참조되는 확인할 수 없는 외부 기호
Audio.obj : error LNK2019: "public: enum FMOD_RESULT __cdecl FMOD::System::release(void)" (?release@System@FMOD@@QEAA?AW4FMOD_RESULT@@XZ)"private: __cdecl Audio::~Audio(void)" (??1Audio@@AEAA@XZ) 함수에서 참조되는 확인할 수 없는 외부 기호
Audio.obj : error LNK2019: "public: enum FMOD_RESULT __cdecl FMOD::System::init(int,unsigned int,void *)" (?init@System@FMOD@@QEAA?AW4FMOD_RESULT@@HIPEAX@Z)"private: __cdecl Audio::Audio(void)" (??0Audio@@AEAA@XZ) 함수에서 참조되는 확인할 수 없는 외부 기호
Audio.obj : error LNK2019: "public: enum FMOD_RESULT __cdecl FMOD::System::update(void)" (?update@System@FMOD@@QEAA?AW4FMOD_RESULT@@XZ)"public: void __cdecl Audio::Update(void)" (?Update@Audio@@QEAAXXZ) 함수에서 참조되는 확인할 수 없는 외부 기호
Audio.obj : error LNK2019: "public: enum FMOD_RESULT __cdecl FMOD::System::createStream(char const *,unsigned int,struct FMOD_CREATESOUNDEXINFO *,class FMOD::Sound * *)" (?createStream@System@FMOD@@QEAA?AW4FMOD_RESULT@@PEBDIPEAUFMOD_CREATESOUNDEXINFO@@PEAPEAVSound@2@@Z)"public: void __cdecl Audio::Add(class std::basic_string<char,struct std::char_traits<char>,class std::allocator<char> >,class std::basic_string<char,struct std::char_traits<char>,class std::allocator<char> >,bool)" (?Add@Audio@@QEAAXV?$basic_string@DU?$char_traits@D@std@@V?$allocator@D@2@@std@@0_N@Z) 함수에서 참조되는 확인할 수 없는 외부 기호
Audio.obj : error LNK2019: "public: enum FMOD_RESULT __cdecl FMOD::System::playSound(class FMOD::Sound *,class FMOD::ChannelGroup *,bool,class FMOD::Channel * *)" (?playSound@System@FMOD@@QEAA?AW4FMOD_RESULT@@PEAVSound@2@PEAVChannelGroup@2@_NPEAPEAVChannel@2@@Z)"public: void __cdecl Audio::Play(class std::basic_string<char,struct std::char_traits<char>,class std::allocator<char> >,float)" (?Play@Audio@@QEAAXV?$basic_string@DU?$char_traits@D@std@@V?$allocator@D@2@@std@@M@Z) 함수에서 참조되는 확인할 수 없는 외부 기호
Audio.obj : error LNK2019: "public: enum FMOD_RESULT __cdecl FMOD::Sound::release(void)" (?release@Sound@FMOD@@QEAA?AW4FMOD_RESULT@@XZ)"public: __cdecl Audio::SoundInfo::~SoundInfo(void)" (??1SoundInfo@Audio@@QEAA@XZ) 함수에서 참조되는 확인할 수 없는 외부 기호
Audio.obj : error LNK2019: "public: enum FMOD_RESULT __cdecl FMOD::ChannelControl::stop(void)" (?stop@ChannelControl@FMOD@@QEAA?AW4FMOD_RESULT@@XZ)"public: void __cdecl Audio::Stop(class std::basic_string<char,struct std::char_traits<char>,class std::allocator<char> >)" (?Stop@Audio@@QEAAXV?$basic_string@DU?$char_traits@D@std@@V?$allocator@D@2@@std@@@Z) 함수에서 참조되는 확인할 수 없는 외부 기호
Audio.obj : error LNK2019: "public: enum FMOD_RESULT __cdecl FMOD::ChannelControl::setPaused(bool)" (?setPaused@ChannelControl@FMOD@@QEAA?AW4FMOD_RESULT@@_N@Z)"public: void __cdecl Audio::Pause(class std::basic_string<char,struct std::char_traits<char>,class std::allocator<char> >)" (?Pause@Audio@@QEAAXV?$basic_string@DU?$char_traits@D@std@@V?$allocator@D@2@@std@@@Z) 함수에서 참조되는 확인할 수 없는 외부 기호
Audio.obj : error LNK2019: "public: enum FMOD_RESULT __cdecl FMOD::ChannelControl::setVolume(float)" (?setVolume@ChannelControl@FMOD@@QEAA?AW4FMOD_RESULT@@M@Z)"public: void __cdecl Audio::Play(class std::basic_string<char,struct std::char_traits<char>,class std::allocator<char> >,float)" (?Play@Audio@@QEAAXV?$basic_string@DU?$char_traits@D@std@@V?$allocator@D@2@@std@@M@Z) 함수에서 참조되는 확인할 수 없는 외부 기호
Audio.obj : error LNK2019: "public: enum FMOD_RESULT __cdecl FMOD::ChannelControl::isPlaying(bool *)" (?isPlaying@ChannelControl@FMOD@@QEAA?AW4FMOD_RESULT@@PEA_N@Z)"public: bool __cdecl Audio::IsPlaySound(class std::basic_string<char,struct std::char_traits<char>,class std::allocator<char> >)" (?IsPlaySound@Audio@@QEAA_NV?$basic_string@DU?$char_traits@D@std@@V?$allocator@D@2@@std@@@Z) 함수에서 참조되는 확인할 수 없는 외부 기호
Library\FMOD\fmod_vc.lib : warning LNK4272: 'x86' 라이브러리 컴퓨터 종류가 'x64' 대상 컴퓨터 종류와 충돌합니다.
C:\Users\user\Desktop\김기태_GitHub\DX_GITAE\x64\Debug\DX_GITAE.exe : fatal error LNK1120: 11개의 확인할 수 없는 외부 참조입니다.
