  compilation object save succeeded; see C:\Users\user\Desktop\김기태_GitHub\DX_GITAE\DX_GITAE\x64\Debug\ColliderPixelShader.cso
  compilation object save succeeded; see C:\Users\user\Desktop\김기태_GitHub\DX_GITAE\DX_GITAE\x64\Debug\ColliderVertexShader.cso
  compilation object save succeeded; see C:\Users\user\Desktop\김기태_GitHub\DX_GITAE\DX_GITAE\x64\Debug\TexturePixelShader.cso
  compilation object save succeeded; see C:\Users\user\Desktop\김기태_GitHub\DX_GITAE\DX_GITAE\x64\Debug\TextureVertexShader.cso
FXC : warning X4717: Effects deprecated for D3DCompiler_47
  
  compilation object save succeeded; see C:\Users\user\Desktop\김기태_GitHub\DX_GITAE\DX_GITAE\x64\Debug\TutorialShader.cso
  framework.cpp
C:\Users\user\Desktop\김기태_GitHub\DX_GITAE\DX_GITAE\DX_GITAE\Framework\Math\Vector2.h(34,30): warning C4244: 'return': 'double'에서 'float'(으)로 변환하면서 데이터가 손실될 수 있습니다.
  DX_GITAE.cpp
  RectCollider.cpp
C:\Users\user\Desktop\김기태_GitHub\DX_GITAE\DX_GITAE\DX_GITAE\Framework\Collider\RectCollider.cpp(75,42): warning C4267: '인수': 'size_t'에서 'UINT'(으)로 변환하면서 데이터가 손실될 수 있습니다.
C:\Program Files (x86)\Microsoft Visual Studio\2019\Community\VC\Tools\MSVC\14.29.30133\include\xutility(151,1): warning C4267: '인수': 'size_t'에서 'UINT'(으)로 변환하면서 데이터가 손실될 수 있습니다.
C:\Program Files (x86)\Microsoft Visual Studio\2019\Community\VC\Tools\MSVC\14.29.30133\include\memory(2021): message : 컴파일되는 함수 템플릿 인스턴스화 'void std::_Construct_in_place<_Ty,VertexPos*,unsigned __int64,unsigned __int64>(_Ty &,VertexPos *&&,unsigned __int64 &&,unsigned __int64 &&) noexcept(false)'에 대한 참조를 확인하세요.
          with
          [
              _Ty=VertexBuffer
          ]
C:\Program Files (x86)\Microsoft Visual Studio\2019\Community\VC\Tools\MSVC\14.29.30133\include\memory(2747): message : 컴파일되는 함수 템플릿 인스턴스화 'std::_Ref_count_obj2<_Ty>::_Ref_count_obj2<VertexPos*,unsigned __int64,unsigned __int64>(VertexPos *&&,unsigned __int64 &&,unsigned __int64 &&)'에 대한 참조를 확인하세요.
          with
          [
              _Ty=VertexBuffer
          ]
C:\Program Files (x86)\Microsoft Visual Studio\2019\Community\VC\Tools\MSVC\14.29.30133\include\memory(2748): message : 컴파일되는 함수 템플릿 인스턴스화 'std::_Ref_count_obj2<_Ty>::_Ref_count_obj2<VertexPos*,unsigned __int64,unsigned __int64>(VertexPos *&&,unsigned __int64 &&,unsigned __int64 &&)'에 대한 참조를 확인하세요.
          with
          [
              _Ty=VertexBuffer
          ]
C:\Users\user\Desktop\김기태_GitHub\DX_GITAE\DX_GITAE\DX_GITAE\Framework\Collider\RectCollider.cpp(49): message : 컴파일되는 함수 템플릿 인스턴스화 'std::shared_ptr<VertexBuffer> std::make_shared<VertexBuffer,_Ty*,size_t,unsigned __int64>(_Ty *&&,size_t &&,unsigned __int64 &&)'에 대한 참조를 확인하세요.
          with
          [
              _Ty=VertexPos
          ]
  Device.cpp
  Transform.cpp
  Vector2.cpp
C:\Users\user\Desktop\김기태_GitHub\DX_GITAE\DX_GITAE\DX_GITAE\Framework\Math\Vector2.cpp(122,28): warning C4244: 'return': 'float'에서 'int'(으)로 변환하면서 데이터가 손실될 수 있습니다.
C:\Users\user\Desktop\김기태_GitHub\DX_GITAE\DX_GITAE\DX_GITAE\Framework\Math\Vector2.cpp(133,16): warning C4244: 'return': 'double'에서 'float'(으)로 변환하면서 데이터가 손실될 수 있습니다.
  ConstantBuffer.cpp
  IndexBuffer.cpp
  PixelShader.cpp
  SRV.cpp
  VertexBuffer.cpp
  VertexShader.cpp
  BlendState.cpp
  SamplerState.cpp
  StateManager.cpp
  InputManager.cpp
  Timer.cpp
  Aim.cpp
  Bullet.cpp
C:\Users\user\Desktop\김기태_GitHub\DX_GITAE\DX_GITAE\DX_GITAE\Object\Dungreed\Bullet.cpp(19,24): warning C4244: '+=': 'double'에서 'float'(으)로 변환하면서 데이터가 손실될 수 있습니다.
C:\Users\user\Desktop\김기태_GitHub\DX_GITAE\DX_GITAE\DX_GITAE\Object\Dungreed\Bullet.cpp(28,62): warning C4244: '인수': 'double'에서 'const float'(으)로 변환하면서 데이터가 손실될 수 있습니다.
  Gun.cpp
  Player.cpp
C:\Users\user\Desktop\김기태_GitHub\DX_GITAE\DX_GITAE\DX_GITAE\Object\Dungreed\Player.cpp(18,20): warning C4018: '<': signed 또는 unsigned가 일치하지 않습니다.
C:\Users\user\Desktop\김기태_GitHub\DX_GITAE\DX_GITAE\DX_GITAE\Object\Dungreed\Player.cpp(58,63): warning C4244: '+=': 'double'에서 'float'(으)로 변환하면서 데이터가 손실될 수 있습니다.
C:\Users\user\Desktop\김기태_GitHub\DX_GITAE\DX_GITAE\DX_GITAE\Object\Dungreed\Player.cpp(62,63): warning C4244: '-=': 'double'에서 'float'(으)로 변환하면서 데이터가 손실될 수 있습니다.
C:\Users\user\Desktop\김기태_GitHub\DX_GITAE\DX_GITAE\DX_GITAE\Object\Dungreed\Player.cpp(66,63): warning C4244: '-=': 'double'에서 'float'(으)로 변환하면서 데이터가 손실될 수 있습니다.
C:\Users\user\Desktop\김기태_GitHub\DX_GITAE\DX_GITAE\DX_GITAE\Object\Dungreed\Player.cpp(70,63): warning C4244: '+=': 'double'에서 'float'(으)로 변환하면서 데이터가 손실될 수 있습니다.
  코드를 생성하고 있습니다...
  컴파일하고 있습니다...
  Texture.cpp
C:\Users\user\Desktop\김기태_GitHub\DX_GITAE\DX_GITAE\DX_GITAE\Object\Texture.cpp(42,54): warning C4267: '인수': 'size_t'에서 'UINT'(으)로 변환하면서 데이터가 손실될 수 있습니다.
C:\Program Files (x86)\Microsoft Visual Studio\2019\Community\VC\Tools\MSVC\14.29.30133\include\xutility(151,1): warning C4267: '인수': 'size_t'에서 'UINT'(으)로 변환하면서 데이터가 손실될 수 있습니다.
C:\Program Files (x86)\Microsoft Visual Studio\2019\Community\VC\Tools\MSVC\14.29.30133\include\memory(2021): message : 컴파일되는 함수 템플릿 인스턴스화 'void std::_Construct_in_place<_Ty,VertexUV*,unsigned __int64,unsigned __int64>(_Ty &,VertexUV *&&,unsigned __int64 &&,unsigned __int64 &&) noexcept(false)'에 대한 참조를 확인하세요.
          with
          [
              _Ty=VertexBuffer
          ]
C:\Program Files (x86)\Microsoft Visual Studio\2019\Community\VC\Tools\MSVC\14.29.30133\include\memory(2747): message : 컴파일되는 함수 템플릿 인스턴스화 'std::_Ref_count_obj2<_Ty>::_Ref_count_obj2<VertexUV*,unsigned __int64,unsigned __int64>(VertexUV *&&,unsigned __int64 &&,unsigned __int64 &&)'에 대한 참조를 확인하세요.
          with
          [
              _Ty=VertexBuffer
          ]
C:\Program Files (x86)\Microsoft Visual Studio\2019\Community\VC\Tools\MSVC\14.29.30133\include\memory(2748): message : 컴파일되는 함수 템플릿 인스턴스화 'std::_Ref_count_obj2<_Ty>::_Ref_count_obj2<VertexUV*,unsigned __int64,unsigned __int64>(VertexUV *&&,unsigned __int64 &&,unsigned __int64 &&)'에 대한 참조를 확인하세요.
          with
          [
              _Ty=VertexBuffer
          ]
C:\Users\user\Desktop\김기태_GitHub\DX_GITAE\DX_GITAE\DX_GITAE\Object\Texture.cpp(7): message : 컴파일되는 함수 템플릿 인스턴스화 'std::shared_ptr<VertexBuffer> std::make_shared<VertexBuffer,_Ty*,size_t,unsigned __int64>(_Ty *&&,size_t &&,unsigned __int64 &&)'에 대한 참조를 확인하세요.
          with
          [
              _Ty=VertexUV
          ]
  Program.cpp
  CollisionScene.cpp
  DungreedScene.cpp
  Scene.cpp
  SolarSystemScene.cpp
C:\Users\user\Desktop\김기태_GitHub\DX_GITAE\DX_GITAE\DX_GITAE\Scene\SolarSystemScene.cpp(21,46): warning C4305: '*=': 'double'에서 'float'(으)로 잘립니다.
C:\Users\user\Desktop\김기태_GitHub\DX_GITAE\DX_GITAE\DX_GITAE\Scene\SolarSystemScene.cpp(22,46): warning C4305: '*=': 'double'에서 'float'(으)로 잘립니다.
C:\Users\user\Desktop\김기태_GitHub\DX_GITAE\DX_GITAE\DX_GITAE\Scene\SolarSystemScene.cpp(42,55): warning C4244: '+=': 'double'에서 'float'(으)로 변환하면서 데이터가 손실될 수 있습니다.
C:\Users\user\Desktop\김기태_GitHub\DX_GITAE\DX_GITAE\DX_GITAE\Scene\SolarSystemScene.cpp(43,57): warning C4244: '+=': 'double'에서 'float'(으)로 변환하면서 데이터가 손실될 수 있습니다.
C:\Users\user\Desktop\김기태_GitHub\DX_GITAE\DX_GITAE\DX_GITAE\Scene\SolarSystemScene.cpp(44,56): warning C4244: '+=': 'double'에서 'float'(으)로 변환하면서 데이터가 손실될 수 있습니다.
C:\Users\user\Desktop\김기태_GitHub\DX_GITAE\DX_GITAE\DX_GITAE\Scene\SolarSystemScene.cpp(46,42): warning C4244: '+=': 'double'에서 'float'(으)로 변환하면서 데이터가 손실될 수 있습니다.
C:\Users\user\Desktop\김기태_GitHub\DX_GITAE\DX_GITAE\DX_GITAE\Scene\SolarSystemScene.cpp(47,44): warning C4244: '+=': 'double'에서 'float'(으)로 변환하면서 데이터가 손실될 수 있습니다.
  TextureScene.cpp
  WVPScene.cpp
C:\Users\user\Desktop\김기태_GitHub\DX_GITAE\DX_GITAE\DX_GITAE\Scene\WVPScene.cpp(49,47): warning C4305: '+=': 'double'에서 'float'(으)로 잘립니다.
C:\Users\user\Desktop\김기태_GitHub\DX_GITAE\DX_GITAE\DX_GITAE\Scene\WVPScene.cpp(52,48): warning C4305: '-=': 'double'에서 'float'(으)로 잘립니다.
  코드를 생성하고 있습니다...
  LINK : C:\Users\user\Desktop\김기태_GitHub\DX_GITAE\DX_GITAE\x64\Debug\DX_GITAE.exe을(를) 찾을 수 없거나 마지막 증분 링크에 의해 빌드되지 않았습니다. 전체 링크를 수행하고 있습니다.
  DX_GITAE.vcxproj -> C:\Users\user\Desktop\김기태_GitHub\DX_GITAE\DX_GITAE\x64\Debug\DX_GITAE.exe
